charset-normalizer==3.4.1
comm==0.2.2
coverage==7.8.0
cryptography==44.0.2
debugpy==1.8.14
decorator==5.2.1
defusedxml==0.7.1
docutils==0.21.2
executing==2.2.0
fastjsonschema==2.21.1
fqdn==1.5.1
h11==0.14.0
httpcore==1.0.8
httpx==0.28.1
id==1.5.0
idna==3.10
importlib_metadata==8.6.1
iniconfig==2.1.0
ipykernel==6.29.5
ipython==9.1.0
ipython_pygments_lexers==1.1.1
ipywidgets==8.1.6
isoduration==20.11.0
jaraco.classes==3.4.0
jaraco.context==6.0.1
jaraco.functools==4.1.0
jedi==0.19.2
Jinja2==3.1.6
jmespath==1.0.1
json5==0.12.0
jsonpointer==3.0.0
jsonschema==4.23.0
jsonschema-specifications==2024.10.1
jupyter==1.1.1
jupyter-console==6.6.3
jupyter-events==0.12.0
jupyter-lsp==2.2.5
jupyter_client==8.6.3
jupyter_core==5.7.2
jupyter_server==2.15.0
jupyter_server_terminals==0.5.3
jupyterlab==4.4.0
jupyterlab_pygments==0.3.0
jupyterlab_server==2.27.3
jupyterlab_widgets==3.0.14
keyring==25.6.0
markdown-it-py==3.0.0
MarkupSafe==2.0.1
matplotlib-inline==0.1.7
mdurl==0.1.2
mistune==3.1.3
more-itertools==10.6.0
moto==5.0.5
nbclient==0.10.2
nbconvert==7.16.6
nbformat==5.10.4
nest-asyncio==1.6.0
nh3==0.2.21
notebook==7.4.0
notebook_shim==0.2.4
overrides==7.7.0
packaging==24.2
pandocfilters==1.5.1
parso==0.8.4
pexpect==4.9.0
platformdirs==4.3.7
pluggy==1.5.0
prometheus_client==0.21.1
prompt_toolkit==3.0.50
psutil==7.0.0
ptyprocess==0.7.0
pure_eval==0.2.3
pycparser==2.22
Pygments==2.19.1
pyproject_hooks==1.2.0
pytest==8.3.5
pytest-cov==6.1.0
python-dateutil==2.9.0.post0
python-json-logger==3.3.0
PyYAML==6.0.2
pyzmq==26.4.0
readme_renderer==44.0
referencing==0.36.2
requests==2.32.3
requests-toolbelt==1.0.0
responses==0.25.7
rfc3339-validator==0.1.4
rfc3986==2.0.0
rfc3986-validator==0.1.1
rich==14.0.0
rpds-py==0.24.0
s3transfer==0.11.4
Send2Trash==1.8.3
six==1.17.0
sniffio==1.3.1
soupsieve==2.6
stack-data==0.6.3
terminado==0.18.1
tinycss2==1.4.0
tornado==6.4.2
traitlets==5.14.3
twine==6.1.0
types-python-dateutil==2.9.0.20241206
typing_extensions==4.13.2
uri-template==1.3.0
urllib3==2.3.0
wcwidth==0.2.13
webcolors==24.11.1
webencodings==0.5.1
websocket-client==1.8.0
Werkzeug==2.1.2
widgetsnbextension==4.0.14
xmltodict==0.14.2
zipp==3.21.0
